  File "D:\AKANKSHA SINGH\Documents\resq_store\venv\Lib\site-packages\click\core.py", line 1353, in invoke
    return ctx.invoke(self.callback, **ctx.params)
           ^^^^^^^^^^^^^^^^^^^^^^^^^^^^^^^^^^^^^^^
  File "D:\AKANKSHA SINGH\Documents\resq_store\venv\Lib\site-packages\click\core.py", line 907, in invoke
    return callback(*args, **kwargs)
           ^^^^^^^^^^^^^^^^^^^^^^^^^
  File "D:\AKANKSHA SINGH\Documents\resq_store\venv\Lib\site-packages\uvicorn\main.py", line 440, in main
    run(
  File "D:\AKANKSHA SINGH\Documents\resq_store\venv\Lib\site-packages\uvicorn\main.py", line 616, in run
    ChangeReload(config, target=server.run, sockets=[sock]).run()
  File "D:\AKANKSHA SINGH\Documents\resq_store\venv\Lib\site-packages\uvicorn\supervisors\basereload.py", line 51, in run
    for changes in self:
  File "D:\AKANKSHA SINGH\Documents\resq_store\venv\Lib\site-packages\uvicorn\supervisors\basereload.py", line 70, in __next__
    return self.should_restart()
           ^^^^^^^^^^^^^^^^^^^^^
  File "D:\AKANKSHA SINGH\Documents\resq_store\venv\Lib\site-packages\uvicorn\supervisors\statreload.py", line 31, in should_restart
    for file in self.iter_py_files():
  File "D:\AKANKSHA SINGH\Documents\resq_store\venv\Lib\site-packages\uvicorn\supervisors\statreload.py", line 51, in iter_py_files
    for path in list(reload_dir.rglob("*.py")):
                ^^^^^^^^^^^^^^^^^^^^^^^^^^^^^^
  File "C:\Users\AKANKSHA SINGH\AppData\Local\Programs\Python\Python311\Lib\pathlib.py", line 968, in rglob
    for p in selector.select_from(self):
  File "C:\Users\AKANKSHA SINGH\AppData\Local\Programs\Python\Python311\Lib\pathlib.py", line 408, in _select_from
    for p in successor_select(starting_point, is_dir, exists, scandir):
  File "C:\Users\AKANKSHA SINGH\AppData\Local\Programs\Python\Python311\Lib\pathlib.py", line 355, in _select_from
    with scandir(parent_path) as scandir_it:
         ^^^^^^^^^^^^^^^^^^^^
  File "C:\Users\AKANKSHA SINGH\AppData\Local\Programs\Python\Python311\Lib\pathlib.py", line 938, in _scandir
    return os.scandir(self)